;STOREI 20 $T1
;STOREI $T1 a
;STOREI 30 $T2
;STOREI $T2 b
;STOREI 40 $T3
;STOREI $T3 c
;MULTI a b $T4
;ADDI c $T4 $T5
;MULTI a b $T6
;ADDI $T6 c $T7
;DIVI $T7 a $T8
;ADDI $T5 $T8 $T9
;ADDI $T9 20 $T10
;STOREI $T10 c
;MULTI b b $T11
;ADDI $T11 a $T12
;STOREI $T12 b
;MULTI b a $T13
;DIVI $T13 a $T14
;STOREI $T14 a
;WRITEI c
;WRITEI b
;WRITEI a
;Tiny Code
var a
var b
var c
move 20 r1
move r1 a
move 30 r2
move r2 b
move 40 r3
move r3 c
move a r4
muli b r4
addi c r4
move a r5
muli b r5
addi c r5
divi a r5
addi r5 r4
addi 20 r4
move r4 c
move b r6
muli b r6
addi a r6
move r6 b
move b r7
muli a r7
divi a r7
move r7 a
sys writei c
sys writei b
sys writei a
sys halt
