str input "Please enter an integer number: "
str eol "\n"
push
push r0
push r1
push r2
push r3
jsr main
sys halt
label factorial
link 2
move 1 r0
cmpi $6 r0
jne label1
move 1 $7
unlnk
ret
jmp label2
label label1
move $6 r0
move r0 r1
subi 1 r1
push
push r1
push r0
push r1
push r2
push r3
jsr factorial
pop r3
pop r2
pop r1
pop r0
pop
pop r1
move r1 $-2
move $-2 r1
move r1 r2
muli r0 r2
move r2 $-1
label label2
move $-1 r0
move r0 $7
unlnk
ret
label main
link 2
sys writes input
sys readi $-1
move 1 r0
cmpi $-1 r0
jne label3
move 1 $-2
jmp label5
label label3
move 1 r0
cmpi $-1 r0
jle label4
push
move $-1 r0
push r0
push r0
push r1
push r2
push r3
jsr factorial
pop r3
pop r2
pop r1
pop r0
pop
pop r0
move r0 $-2
jmp label5
label label4
move 0 $-2
label label5
sys writei $-2
sys writes eol
move 0 $6
unlnk
ret
