str input "Please input an integer number: "
str space " "
str eol "\n"
push
push r0
push r1
push r2
push r3
jsr main
sys halt
label F
link 2
move 2 r0
cmpi $6 r0
jle label1
move $6 r0
move r0 r1
subi 1 r1
push
push r1
push r0
push r1
push r2
push r3
jsr F
pop r3
pop r2
pop r1
pop r0
pop
pop r1
move r1 $-1
move r0 r1
subi 2 r1
push
push r1
push r0
push r1
push r2
push r3
jsr F
pop r3
pop r2
pop r1
pop r0
pop
pop r1
move r1 $-2
move $-1 r0
move $-2 r1
move r0 r2
addi r1 r2
move r2 $7
unlnk
ret
jmp label4
label label1
move 0 r0
cmpi $6 r0
jne label2
move 0 $7
unlnk
ret
jmp label4
label label2
move 1 r0
cmpi $6 r0
jne label3
move 1 $7
unlnk
ret
jmp label4
label label3
move 1 $7
unlnk
ret
label label4
unlnk
ret
label main
link 3
sys writes input
sys readi $-2
move 0 $-1
label label5
move $-2 r0
cmpi $-1 r0
jeq label7
push
move $-1 r0
push r0
push r0
push r1
push r2
push r3
jsr F
pop r3
pop r2
pop r1
pop r0
pop
pop r1
move r1 $-3
sys writei $-1
sys writes space
sys writei $-3
sys writes eol
label label6
move $-1 r0
move r0 r1
addi 1 r1
move r1 $-1
jmp label5
label label7
move 0 $6
unlnk
ret
