str intro "You will be asked for three float numbers\n"
str first "Please enter the first float number: "
str second "Please enter the second float number: "
str third "Please enter the third float number: "
str eol "\n"
str star "*"
str plus "+"
str equal "="
push
push r0
push r1
push r2
push r3
jsr main
sys halt
label add
link 1
move $6 r0
move $7 r1
move r0 r2
addr r1 r2
move r2 $-1
move $-1 r0
move r0 $8
unlnk
ret
label multiply
link 1
move $6 r0
move $7 r1
move r0 r2
mulr r1 r2
move r2 $-1
move $-1 r0
move r0 $8
unlnk
ret
label main
link 5
sys writes intro
sys writes first
sys readr $-1
sys writes second
sys readr $-2
sys writes third
sys readr $-3
push
move $-1 r0
push r0
move $-2 r1
push r1
push r0
push r1
push r2
push r3
jsr multiply
pop r3
pop r2
pop r1
pop r0
pop
pop
pop r2
move r2 $-5
push
move $-5 r2
push r2
move $-3 r2
push r2
push r0
push r1
push r2
push r3
jsr add
pop r3
pop r2
pop r1
pop r0
pop
pop
pop r3
move r3 $-4
sys writer $-1
sys writes star
sys writer $-2
sys writes plus
sys writer $-3
sys writes equal
sys writer $-4
sys writes eol
move 0 $6
unlnk
ret
