;STOREI 7 num
;STOREI 2 i
;STOREI 42 a
;STOREI 5 $T1
;GE i $T1 label1
;ADDI num a $T2
;STOREI $T2 num
;STOREI 3 $T3
;GE i $T3 label1
;ADDI num a $T4
;STOREI $T4 num
;JUMP label2
;LABEL label1
;STOREI 5 $T5
;LT i $T5 label2
;SUBI num a $T6
;STOREI $T6 num
;LABEL label2
;WRITEI num
;Tiny Code
var i
var a
var num
move 7 num
move 2 i
move 42 a
move 5 r1
cmpr i r1
jge label1
move num r2
addi a r2
move r2 num
move 3 r3
cmpr i r3
jge label1
move num r4
addi a r4
move r4 num
jmp label2
label label1
move 5 r5
cmpr i r5
jlt label2
move num r6
subi a r6
move r6 num
label label2
sys writei num
sys halt
