;STOREI 0 i
;STOREI 0 a
;STOREI 0 b
;LABEL label1
;STOREI 10 $T1
;EQ i $T1 label4
;READI p
;STOREI 10 $T2
;LE p $T2 label3
;ADDI a 1 $T3
;STOREI $T3 a
;JUMP label4
;LABEL label3
;ADDI b 1 $T4
;STOREI $T4 b
;LABEL label2
;ADDI i 1 $T5
;STOREI $T5 i
;JUMP label1
;LABEL label4
;WRITEI a
;WRITEI b
;Tiny Code
var a
var b
var i
var p
move 0 i
move 0 a
move 0 b
label label1
move 10 r1
cmpr i r1
jeq label4
sys readi p
move 10 r2
cmpr p r2
jle label3
move a r3
addi 1 r3
move r3 a
jmp label4
label label3
move b r4
addi 1 r4
move r4 b
label label2
move i r5
addi 1 r5
move r5 i
jmp label1
label label4
sys writei a
sys writei b
sys halt
